[02-24-2018 13:12:38][      ExecExecuteSQLQuery_DT()] Incorrect syntax near '`'.
[02-24-2018 13:31:47][       Load_DonorReceiptList()] Index was out of range. Must be non-negative and less than the size of the collection.
Parameter name: index
[02-24-2018 13:49:34][       Load_DonorReceiptList()] Index was out of range. Must be non-negative and less than the size of the collection.
Parameter name: index
[02-24-2018 14:15:44][        JournalEntry_PostingLC] Completed with ERROR ---Unbalanced Transaction
[02-24-2018 14:24:25][      ConnectToTargetCompany()] Connection to Database (HOPE_CL_TEST) 
 	 Unable to connect to license server
[02-24-2018 15:00:29][     ExecuteMYSQLSQLQuery_DT()] You have an error in your SQL syntax; check the manual that corresponds to your MariaDB server version for the right syntax to use near 'WHERE `status` = 'OPEN'' at line 1
[02-24-2018 15:00:29][       Load_DonorReceiptList()] You have an error in your SQL syntax; check the manual that corresponds to your MariaDB server version for the right syntax to use near 'WHERE `status` = 'OPEN'' at line 1
[02-24-2018 15:00:31][     ExecuteMYSQLSQLQuery_DT()] You have an error in your SQL syntax; check the manual that corresponds to your MariaDB server version for the right syntax to use near 'WHERE `status` = 'OPEN'' at line 1
[02-24-2018 15:00:31][       Load_DonorReceiptList()] You have an error in your SQL syntax; check the manual that corresponds to your MariaDB server version for the right syntax to use near 'WHERE `status` = 'OPEN'' at line 1
[02-24-2018 15:00:32][     ExecuteMYSQLSQLQuery_DT()] You have an error in your SQL syntax; check the manual that corresponds to your MariaDB server version for the right syntax to use near 'WHERE `status` = 'OPEN'' at line 1
[02-24-2018 15:00:32][       Load_DonorReceiptList()] You have an error in your SQL syntax; check the manual that corresponds to your MariaDB server version for the right syntax to use near 'WHERE `status` = 'OPEN'' at line 1
[02-24-2018 15:01:56][     ExecuteMYSQLSQLQuery_DT()] You have an error in your SQL syntax; check the manual that corresponds to your MariaDB server version for the right syntax to use near 'WHERE `status` = 'OPEN'' at line 1
[02-24-2018 15:01:56][       Load_DonorReceiptList()] You have an error in your SQL syntax; check the manual that corresponds to your MariaDB server version for the right syntax to use near 'WHERE `status` = 'OPEN'' at line 1
[02-24-2018 15:11:16][       Load_DonorReceiptList()] Index was out of range. Must be non-negative and less than the size of the collection.
Parameter name: index
[02-27-2018 17:26:09][       Load_DonorReceiptList()] Index was out of range. Must be non-negative and less than the size of the collection.
Parameter name: index
[02-27-2018 17:29:29][       Load_DonorReceiptList()] Index was out of range. Must be non-negative and less than the size of the collection.
Parameter name: index
[02-27-2018 17:29:34][       Load_DonorReceiptList()] Index was out of range. Must be non-negative and less than the size of the collection.
Parameter name: index
[02-27-2018 17:29:37][       Load_DonorReceiptList()] Index was out of range. Must be non-negative and less than the size of the collection.
Parameter name: index
[02-27-2018 17:30:03][       Load_DonorReceiptList()] Index was out of range. Must be non-negative and less than the size of the collection.
Parameter name: index
[02-27-2018 18:01:19][       Load_DonorReceiptList()] Index was out of range. Must be non-negative and less than the size of the collection.
Parameter name: index
[02-27-2018 18:08:31][       Load_DonorReceiptList()] Index was out of range. Must be non-negative and less than the size of the collection.
Parameter name: index
[02-27-2018 18:12:31][       Load_DonorReceiptList()] Index was out of range. Must be non-negative and less than the size of the collection.
Parameter name: index
[02-27-2018 18:46:34][       Load_DonorReceiptList()] Index was out of range. Must be non-negative and less than the size of the collection.
Parameter name: index
[02-27-2018 18:47:14][       Load_DonorReceiptList()] Index was out of range. Must be non-negative and less than the size of the collection.
Parameter name: index
[02-27-2018 19:18:23][       Load_DonorReceiptList()] Column named donocode cannot be found.
Parameter name: columnName
[02-27-2018 19:18:37][       Load_DonorReceiptList()] Column named donocode cannot be found.
Parameter name: columnName
[02-27-2018 19:23:09][        JournalEntry_PostingLC] Public member 'Reference3' on type 'IJournalEntries_Lines' not found.
[02-27-2018 19:23:11][        JournalEntry_PostingLC] Public member 'Reference3' on type 'IJournalEntries_Lines' not found.
[02-27-2018 19:23:12][        JournalEntry_PostingLC] Public member 'Reference3' on type 'IJournalEntries_Lines' not found.
[02-27-2018 19:23:13][        JournalEntry_PostingLC] Public member 'Reference3' on type 'IJournalEntries_Lines' not found.
[02-27-2018 19:23:14][        JournalEntry_PostingLC] Public member 'Reference3' on type 'IJournalEntries_Lines' not found.
[02-27-2018 19:23:14][        JournalEntry_PostingLC] Public member 'Reference3' on type 'IJournalEntries_Lines' not found.
[02-27-2018 19:23:18][        JournalEntry_PostingLC] Public member 'Reference3' on type 'IJournalEntries_Lines' not found.
[02-27-2018 19:29:23][       Load_DonorReceiptList()] Index was out of range. Must be non-negative and less than the size of the collection.
Parameter name: index
[02-27-2018 19:33:38][       Load_DonorReceiptList()] Index was out of range. Must be non-negative and less than the size of the collection.
Parameter name: index
[02-27-2018 19:49:57][       Load_DonorReceiptList()] Index was out of range. Must be non-negative and less than the size of the collection.
Parameter name: index
[02-27-2018 20:55:27][       Load_DonorReceiptList()] Index was out of range. Must be non-negative and less than the size of the collection.
Parameter name: index
